<?xml version="1.0" encoding="UTF-8"?>
<testng-results ignored="0" total="2" passed="1" failed="1" skipped="0">
  <reporter-output>
  </reporter-output>
  <suite started-at="2024-07-25T01:50:48 IST" name="Default suite" finished-at="2024-07-25T01:53:09 IST" duration-ms="141292">
    <groups>
    </groups>
    <test started-at="2024-07-25T01:50:48 IST" name="Default test" finished-at="2024-07-25T01:53:09 IST" duration-ms="141292">
      <class name="testCases.CreateSuiteTest">
        <test-method is-config="true" signature="setUp()[pri:0, instance:testCases.CreateSuiteTest@6d1ef78d]" started-at="2024-07-25T01:50:48 IST" name="setUp" finished-at="2024-07-25T01:50:57 IST" duration-ms="8556" status="PASS">
          <reporter-output>
          </reporter-output>
        </test-method> <!-- setUp -->
        <test-method signature="login()[pri:1, instance:testCases.CreateSuiteTest@6d1ef78d]" started-at="2024-07-25T01:50:57 IST" name="login" finished-at="2024-07-25T01:51:12 IST" duration-ms="15579" status="PASS">
          <reporter-output>
          </reporter-output>
        </test-method> <!-- login -->
        <test-method signature="createsuite()[pri:2, instance:testCases.CreateSuiteTest@6d1ef78d]" started-at="2024-07-25T01:51:12 IST" name="createsuite" finished-at="2024-07-25T01:53:09 IST" duration-ms="117061" status="FAIL">
          <exception class="java.lang.ClassCastException">
            <message>
              <![CDATA[class org.openqa.selenium.remote.RemoteWebDriver cannot be cast to class org.openqa.selenium.chrome.ChromeDriver (org.openqa.selenium.remote.RemoteWebDriver and org.openqa.selenium.chrome.ChromeDriver are in unnamed module of loader 'app')]]>
            </message>
            <full-stacktrace>
              <![CDATA[java.lang.ClassCastException: class org.openqa.selenium.remote.RemoteWebDriver cannot be cast to class org.openqa.selenium.chrome.ChromeDriver (org.openqa.selenium.remote.RemoteWebDriver and org.openqa.selenium.chrome.ChromeDriver are in unnamed module of loader 'app')
at testCases.CreateSuiteTest.createsuite(CreateSuiteTest.java:211)
at java.base/jdk.internal.reflect.NativeMethodAccessorImpl.invoke0(Native Method)
at java.base/jdk.internal.reflect.NativeMethodAccessorImpl.invoke(NativeMethodAccessorImpl.java:77)
at java.base/jdk.internal.reflect.DelegatingMethodAccessorImpl.invoke(DelegatingMethodAccessorImpl.java:43)
at java.base/java.lang.reflect.Method.invoke(Method.java:568)
at org.testng.internal.MethodInvocationHelper.invokeMethod(MethodInvocationHelper.java:133)
at org.testng.internal.TestInvoker.invokeMethod(TestInvoker.java:598)
at org.testng.internal.TestInvoker.invokeTestMethod(TestInvoker.java:173)
at org.testng.internal.MethodRunner.runInSequence(MethodRunner.java:46)
at org.testng.internal.TestInvoker$MethodInvocationAgent.invoke(TestInvoker.java:824)
at org.testng.internal.TestInvoker.invokeTestMethods(TestInvoker.java:146)
at org.testng.internal.TestMethodWorker.invokeTestMethods(TestMethodWorker.java:146)
at org.testng.internal.TestMethodWorker.run(TestMethodWorker.java:128)
at java.base/java.util.ArrayList.forEach(ArrayList.java:1511)
at org.testng.TestRunner.privateRun(TestRunner.java:794)
at org.testng.TestRunner.run(TestRunner.java:596)
at org.testng.SuiteRunner.runTest(SuiteRunner.java:377)
at org.testng.SuiteRunner.runSequentially(SuiteRunner.java:371)
at org.testng.SuiteRunner.privateRun(SuiteRunner.java:332)
at org.testng.SuiteRunner.run(SuiteRunner.java:276)
at org.testng.SuiteRunnerWorker.runSuite(SuiteRunnerWorker.java:53)
at org.testng.SuiteRunnerWorker.run(SuiteRunnerWorker.java:96)
at org.testng.TestNG.runSuitesSequentially(TestNG.java:1212)
at org.testng.TestNG.runSuitesLocally(TestNG.java:1134)
at org.testng.TestNG.runSuites(TestNG.java:1063)
at org.testng.TestNG.run(TestNG.java:1031)
at org.testng.remote.AbstractRemoteTestNG.run(AbstractRemoteTestNG.java:115)
at org.testng.remote.RemoteTestNG.initAndRun(RemoteTestNG.java:293)
at org.testng.remote.RemoteTestNG.main(RemoteTestNG.java:91)
]]>
            </full-stacktrace>
          </exception> <!-- java.lang.ClassCastException -->
          <reporter-output>
          </reporter-output>
        </test-method> <!-- createsuite -->
      </class> <!-- testCases.CreateSuiteTest -->
    </test> <!-- Default test -->
  </suite> <!-- Default suite -->
</testng-results>
